2018-10-24 14:57:54 SQL Error :
------------
String:
SQL: <br/>select commission from `ims_agent_odds` where agent_id in () and pid=:id<hr/>Params: <br/>array (
  ':id' => NULL,
)<hr/>SQL Error: <br/>You have an error in your SQL syntax; check the manual that corresponds to your MySQL server version for the right syntax to use near ') and pid=NULL' at line 1<hr/>Traces: <br/>file: /framework/class/db.class.php; line: 194; <br />file: /framework/function/pdo.func.php; line: 44; <br />file: /addons/purchasing/common.php; line: 4472; <br />file: /addons/purchasing/inc/mobile/get_odds.inc.php; line: 30; <br />file: /framework/class/account.class.php; line: 1076; <br />file: /app/source/entry/site.ctrl.php; line: 12; <br />file: /app/source/entry/site.ctrl.php; line: 12; <br />file: /app/index.php; line: 115; <br />

2018-10-24 14:57:59 SQL Error :
------------
String:
SQL: <br/>select commission from `ims_agent_odds` where agent_id in () and pid=:id<hr/>Params: <br/>array (
  ':id' => '1',
)<hr/>SQL Error: <br/>You have an error in your SQL syntax; check the manual that corresponds to your MySQL server version for the right syntax to use near ') and pid='1'' at line 1<hr/>Traces: <br/>file: /framework/class/db.class.php; line: 194; <br />file: /framework/function/pdo.func.php; line: 44; <br />file: /addons/purchasing/common.php; line: 4472; <br />file: /addons/purchasing/inc/mobile/get_odds.inc.php; line: 30; <br />file: /framework/class/account.class.php; line: 1076; <br />file: /app/source/entry/site.ctrl.php; line: 12; <br />file: /app/source/entry/site.ctrl.php; line: 12; <br />file: /app/index.php; line: 115; <br />

2018-10-24 14:58:02 SQL Error :
------------
String:
SQL: <br/>select commission from `ims_agent_odds` where agent_id in () and pid=:id<hr/>Params: <br/>array (
  ':id' => '1',
)<hr/>SQL Error: <br/>You have an error in your SQL syntax; check the manual that corresponds to your MySQL server version for the right syntax to use near ') and pid='1'' at line 1<hr/>Traces: <br/>file: /framework/class/db.class.php; line: 194; <br />file: /framework/function/pdo.func.php; line: 44; <br />file: /addons/purchasing/common.php; line: 4472; <br />file: /addons/purchasing/inc/mobile/get_odds.inc.php; line: 30; <br />file: /framework/class/account.class.php; line: 1076; <br />file: /app/source/entry/site.ctrl.php; line: 12; <br />file: /app/source/entry/site.ctrl.php; line: 12; <br />file: /app/index.php; line: 115; <br />

2018-10-24 14:58:03 SQL Error :
------------
String:
SQL: <br/>select commission from `ims_agent_odds` where agent_id in () and pid=:id<hr/>Params: <br/>array (
  ':id' => '1',
)<hr/>SQL Error: <br/>You have an error in your SQL syntax; check the manual that corresponds to your MySQL server version for the right syntax to use near ') and pid='1'' at line 1<hr/>Traces: <br/>file: /framework/class/db.class.php; line: 194; <br />file: /framework/function/pdo.func.php; line: 44; <br />file: /addons/purchasing/common.php; line: 4472; <br />file: /addons/purchasing/inc/mobile/get_odds.inc.php; line: 30; <br />file: /framework/class/account.class.php; line: 1076; <br />file: /app/source/entry/site.ctrl.php; line: 12; <br />file: /app/source/entry/site.ctrl.php; line: 12; <br />file: /app/index.php; line: 115; <br />

2018-10-24 14:58:03 SQL Error :
------------
String:
SQL: <br/>select commission from `ims_agent_odds` where agent_id in () and pid=:id<hr/>Params: <br/>array (
  ':id' => '1',
)<hr/>SQL Error: <br/>You have an error in your SQL syntax; check the manual that corresponds to your MySQL server version for the right syntax to use near ') and pid='1'' at line 1<hr/>Traces: <br/>file: /framework/class/db.class.php; line: 194; <br />file: /framework/function/pdo.func.php; line: 44; <br />file: /addons/purchasing/common.php; line: 4472; <br />file: /addons/purchasing/inc/mobile/get_odds.inc.php; line: 30; <br />file: /framework/class/account.class.php; line: 1076; <br />file: /app/source/entry/site.ctrl.php; line: 12; <br />file: /app/source/entry/site.ctrl.php; line: 12; <br />file: /app/index.php; line: 115; <br />

2018-10-24 14:58:06 SQL Error :
------------
String:
SQL: <br/>select commission from `ims_agent_odds` where agent_id in () and pid=:id<hr/>Params: <br/>array (
  ':id' => '1',
)<hr/>SQL Error: <br/>You have an error in your SQL syntax; check the manual that corresponds to your MySQL server version for the right syntax to use near ') and pid='1'' at line 1<hr/>Traces: <br/>file: /framework/class/db.class.php; line: 194; <br />file: /framework/function/pdo.func.php; line: 44; <br />file: /addons/purchasing/common.php; line: 4472; <br />file: /addons/purchasing/inc/mobile/get_odds.inc.php; line: 30; <br />file: /framework/class/account.class.php; line: 1076; <br />file: /app/source/entry/site.ctrl.php; line: 12; <br />file: /app/source/entry/site.ctrl.php; line: 12; <br />file: /app/index.php; line: 115; <br />

2018-10-24 14:58:08 SQL Error :
------------
String:
SQL: <br/>select commission from `ims_agent_odds` where agent_id in () and pid=:id<hr/>Params: <br/>array (
  ':id' => '1',
)<hr/>SQL Error: <br/>You have an error in your SQL syntax; check the manual that corresponds to your MySQL server version for the right syntax to use near ') and pid='1'' at line 1<hr/>Traces: <br/>file: /framework/class/db.class.php; line: 194; <br />file: /framework/function/pdo.func.php; line: 44; <br />file: /addons/purchasing/common.php; line: 4472; <br />file: /addons/purchasing/inc/mobile/get_odds.inc.php; line: 30; <br />file: /framework/class/account.class.php; line: 1076; <br />file: /app/source/entry/site.ctrl.php; line: 12; <br />file: /app/source/entry/site.ctrl.php; line: 12; <br />file: /app/index.php; line: 115; <br />

2018-10-24 14:58:09 SQL Error :
------------
String:
SQL: <br/>select commission from `ims_agent_odds` where agent_id in () and pid=:id<hr/>Params: <br/>array (
  ':id' => '1',
)<hr/>SQL Error: <br/>You have an error in your SQL syntax; check the manual that corresponds to your MySQL server version for the right syntax to use near ') and pid='1'' at line 1<hr/>Traces: <br/>file: /framework/class/db.class.php; line: 194; <br />file: /framework/function/pdo.func.php; line: 44; <br />file: /addons/purchasing/common.php; line: 4472; <br />file: /addons/purchasing/inc/mobile/get_odds.inc.php; line: 30; <br />file: /framework/class/account.class.php; line: 1076; <br />file: /app/source/entry/site.ctrl.php; line: 12; <br />file: /app/source/entry/site.ctrl.php; line: 12; <br />file: /app/index.php; line: 115; <br />

2018-10-24 15:11:34 SQL Error :
------------
String:
SQL: <br/>select commission from `ims_agent_odds` where agent_id in () and pid=:id<hr/>Params: <br/>array (
  ':id' => NULL,
)<hr/>SQL Error: <br/>You have an error in your SQL syntax; check the manual that corresponds to your MySQL server version for the right syntax to use near ') and pid=NULL' at line 1<hr/>Traces: <br/>file: /framework/class/db.class.php; line: 194; <br />file: /framework/function/pdo.func.php; line: 44; <br />file: /addons/purchasing/common.php; line: 4472; <br />file: /addons/purchasing/inc/mobile/get_odds.inc.php; line: 30; <br />file: /framework/class/account.class.php; line: 1076; <br />file: /app/source/entry/site.ctrl.php; line: 12; <br />file: /app/source/entry/site.ctrl.php; line: 12; <br />file: /app/index.php; line: 115; <br />

2018-10-24 15:11:49 SQL Error :
------------
String:
SQL: <br/>select commission from `ims_agent_odds` where agent_id in () and pid=:id<hr/>Params: <br/>array (
  ':id' => '1',
)<hr/>SQL Error: <br/>You have an error in your SQL syntax; check the manual that corresponds to your MySQL server version for the right syntax to use near ') and pid='1'' at line 1<hr/>Traces: <br/>file: /framework/class/db.class.php; line: 194; <br />file: /framework/function/pdo.func.php; line: 44; <br />file: /addons/purchasing/common.php; line: 4472; <br />file: /addons/purchasing/inc/mobile/get_odds.inc.php; line: 30; <br />file: /framework/class/account.class.php; line: 1076; <br />file: /app/source/entry/site.ctrl.php; line: 12; <br />file: /app/source/entry/site.ctrl.php; line: 12; <br />file: /app/index.php; line: 115; <br />

2018-10-24 15:11:50 SQL Error :
------------
String:
SQL: <br/>select commission from `ims_agent_odds` where agent_id in () and pid=:id<hr/>Params: <br/>array (
  ':id' => '2',
)<hr/>SQL Error: <br/>You have an error in your SQL syntax; check the manual that corresponds to your MySQL server version for the right syntax to use near ') and pid='2'' at line 1<hr/>Traces: <br/>file: /framework/class/db.class.php; line: 194; <br />file: /framework/function/pdo.func.php; line: 44; <br />file: /addons/purchasing/common.php; line: 4472; <br />file: /addons/purchasing/inc/mobile/get_odds.inc.php; line: 30; <br />file: /framework/class/account.class.php; line: 1076; <br />file: /app/source/entry/site.ctrl.php; line: 12; <br />file: /app/source/entry/site.ctrl.php; line: 12; <br />file: /app/index.php; line: 115; <br />

2018-10-24 15:11:53 SQL Error :
------------
String:
SQL: <br/>select commission from `ims_agent_odds` where agent_id in () and pid=:id<hr/>Params: <br/>array (
  ':id' => '1',
)<hr/>SQL Error: <br/>You have an error in your SQL syntax; check the manual that corresponds to your MySQL server version for the right syntax to use near ') and pid='1'' at line 1<hr/>Traces: <br/>file: /framework/class/db.class.php; line: 194; <br />file: /framework/function/pdo.func.php; line: 44; <br />file: /addons/purchasing/common.php; line: 4472; <br />file: /addons/purchasing/inc/mobile/get_odds.inc.php; line: 30; <br />file: /framework/class/account.class.php; line: 1076; <br />file: /app/source/entry/site.ctrl.php; line: 12; <br />file: /app/source/entry/site.ctrl.php; line: 12; <br />file: /app/index.php; line: 115; <br />

2018-10-24 15:11:56 SQL Error :
------------
String:
SQL: <br/>select commission from `ims_agent_odds` where agent_id in () and pid=:id<hr/>Params: <br/>array (
  ':id' => '2',
)<hr/>SQL Error: <br/>You have an error in your SQL syntax; check the manual that corresponds to your MySQL server version for the right syntax to use near ') and pid='2'' at line 1<hr/>Traces: <br/>file: /framework/class/db.class.php; line: 194; <br />file: /framework/function/pdo.func.php; line: 44; <br />file: /addons/purchasing/common.php; line: 4472; <br />file: /addons/purchasing/inc/mobile/get_odds.inc.php; line: 30; <br />file: /framework/class/account.class.php; line: 1076; <br />file: /app/source/entry/site.ctrl.php; line: 12; <br />file: /app/source/entry/site.ctrl.php; line: 12; <br />file: /app/index.php; line: 115; <br />

2018-10-24 15:11:58 SQL Error :
------------
String:
SQL: <br/>select commission from `ims_agent_odds` where agent_id in () and pid=:id<hr/>Params: <br/>array (
  ':id' => '1',
)<hr/>SQL Error: <br/>You have an error in your SQL syntax; check the manual that corresponds to your MySQL server version for the right syntax to use near ') and pid='1'' at line 1<hr/>Traces: <br/>file: /framework/class/db.class.php; line: 194; <br />file: /framework/function/pdo.func.php; line: 44; <br />file: /addons/purchasing/common.php; line: 4472; <br />file: /addons/purchasing/inc/mobile/get_odds.inc.php; line: 30; <br />file: /framework/class/account.class.php; line: 1076; <br />file: /app/source/entry/site.ctrl.php; line: 12; <br />file: /app/source/entry/site.ctrl.php; line: 12; <br />file: /app/index.php; line: 115; <br />

2018-10-24 15:11:58 SQL Error :
------------
String:
SQL: <br/>select commission from `ims_agent_odds` where agent_id in () and pid=:id<hr/>Params: <br/>array (
  ':id' => '2',
)<hr/>SQL Error: <br/>You have an error in your SQL syntax; check the manual that corresponds to your MySQL server version for the right syntax to use near ') and pid='2'' at line 1<hr/>Traces: <br/>file: /framework/class/db.class.php; line: 194; <br />file: /framework/function/pdo.func.php; line: 44; <br />file: /addons/purchasing/common.php; line: 4472; <br />file: /addons/purchasing/inc/mobile/get_odds.inc.php; line: 30; <br />file: /framework/class/account.class.php; line: 1076; <br />file: /app/source/entry/site.ctrl.php; line: 12; <br />file: /app/source/entry/site.ctrl.php; line: 12; <br />file: /app/index.php; line: 115; <br />

2018-10-24 15:11:58 SQL Error :
------------
String:
SQL: <br/>select commission from `ims_agent_odds` where agent_id in () and pid=:id<hr/>Params: <br/>array (
  ':id' => '1',
)<hr/>SQL Error: <br/>You have an error in your SQL syntax; check the manual that corresponds to your MySQL server version for the right syntax to use near ') and pid='1'' at line 1<hr/>Traces: <br/>file: /framework/class/db.class.php; line: 194; <br />file: /framework/function/pdo.func.php; line: 44; <br />file: /addons/purchasing/common.php; line: 4472; <br />file: /addons/purchasing/inc/mobile/get_odds.inc.php; line: 30; <br />file: /framework/class/account.class.php; line: 1076; <br />file: /app/source/entry/site.ctrl.php; line: 12; <br />file: /app/source/entry/site.ctrl.php; line: 12; <br />file: /app/index.php; line: 115; <br />

2018-10-24 15:12:00 SQL Error :
------------
String:
SQL: <br/>select commission from `ims_agent_odds` where agent_id in () and pid=:id<hr/>Params: <br/>array (
  ':id' => '2',
)<hr/>SQL Error: <br/>You have an error in your SQL syntax; check the manual that corresponds to your MySQL server version for the right syntax to use near ') and pid='2'' at line 1<hr/>Traces: <br/>file: /framework/class/db.class.php; line: 194; <br />file: /framework/function/pdo.func.php; line: 44; <br />file: /addons/purchasing/common.php; line: 4472; <br />file: /addons/purchasing/inc/mobile/get_odds.inc.php; line: 30; <br />file: /framework/class/account.class.php; line: 1076; <br />file: /app/source/entry/site.ctrl.php; line: 12; <br />file: /app/source/entry/site.ctrl.php; line: 12; <br />file: /app/index.php; line: 115; <br />

2018-10-24 15:12:01 SQL Error :
------------
String:
SQL: <br/>select commission from `ims_agent_odds` where agent_id in () and pid=:id<hr/>Params: <br/>array (
  ':id' => '1',
)<hr/>SQL Error: <br/>You have an error in your SQL syntax; check the manual that corresponds to your MySQL server version for the right syntax to use near ') and pid='1'' at line 1<hr/>Traces: <br/>file: /framework/class/db.class.php; line: 194; <br />file: /framework/function/pdo.func.php; line: 44; <br />file: /addons/purchasing/common.php; line: 4472; <br />file: /addons/purchasing/inc/mobile/get_odds.inc.php; line: 30; <br />file: /framework/class/account.class.php; line: 1076; <br />file: /app/source/entry/site.ctrl.php; line: 12; <br />file: /app/source/entry/site.ctrl.php; line: 12; <br />file: /app/index.php; line: 115; <br />

2018-10-24 15:12:02 SQL Error :
------------
String:
SQL: <br/>select commission from `ims_agent_odds` where agent_id in () and pid=:id<hr/>Params: <br/>array (
  ':id' => '2',
)<hr/>SQL Error: <br/>You have an error in your SQL syntax; check the manual that corresponds to your MySQL server version for the right syntax to use near ') and pid='2'' at line 1<hr/>Traces: <br/>file: /framework/class/db.class.php; line: 194; <br />file: /framework/function/pdo.func.php; line: 44; <br />file: /addons/purchasing/common.php; line: 4472; <br />file: /addons/purchasing/inc/mobile/get_odds.inc.php; line: 30; <br />file: /framework/class/account.class.php; line: 1076; <br />file: /app/source/entry/site.ctrl.php; line: 12; <br />file: /app/source/entry/site.ctrl.php; line: 12; <br />file: /app/index.php; line: 115; <br />

2018-10-24 15:12:04 SQL Error :
------------
String:
SQL: <br/>select commission from `ims_agent_odds` where agent_id in () and pid=:id<hr/>Params: <br/>array (
  ':id' => '1',
)<hr/>SQL Error: <br/>You have an error in your SQL syntax; check the manual that corresponds to your MySQL server version for the right syntax to use near ') and pid='1'' at line 1<hr/>Traces: <br/>file: /framework/class/db.class.php; line: 194; <br />file: /framework/function/pdo.func.php; line: 44; <br />file: /addons/purchasing/common.php; line: 4472; <br />file: /addons/purchasing/inc/mobile/get_odds.inc.php; line: 30; <br />file: /framework/class/account.class.php; line: 1076; <br />file: /app/source/entry/site.ctrl.php; line: 12; <br />file: /app/source/entry/site.ctrl.php; line: 12; <br />file: /app/index.php; line: 115; <br />

2018-10-24 15:12:05 SQL Error :
------------
String:
SQL: <br/>select commission from `ims_agent_odds` where agent_id in () and pid=:id<hr/>Params: <br/>array (
  ':id' => '1',
)<hr/>SQL Error: <br/>You have an error in your SQL syntax; check the manual that corresponds to your MySQL server version for the right syntax to use near ') and pid='1'' at line 1<hr/>Traces: <br/>file: /framework/class/db.class.php; line: 194; <br />file: /framework/function/pdo.func.php; line: 44; <br />file: /addons/purchasing/common.php; line: 4472; <br />file: /addons/purchasing/inc/mobile/get_odds.inc.php; line: 30; <br />file: /framework/class/account.class.php; line: 1076; <br />file: /app/source/entry/site.ctrl.php; line: 12; <br />file: /app/source/entry/site.ctrl.php; line: 12; <br />file: /app/index.php; line: 115; <br />

2018-10-24 15:12:06 SQL Error :
------------
String:
SQL: <br/>select commission from `ims_agent_odds` where agent_id in () and pid=:id<hr/>Params: <br/>array (
  ':id' => '2',
)<hr/>SQL Error: <br/>You have an error in your SQL syntax; check the manual that corresponds to your MySQL server version for the right syntax to use near ') and pid='2'' at line 1<hr/>Traces: <br/>file: /framework/class/db.class.php; line: 194; <br />file: /framework/function/pdo.func.php; line: 44; <br />file: /addons/purchasing/common.php; line: 4472; <br />file: /addons/purchasing/inc/mobile/get_odds.inc.php; line: 30; <br />file: /framework/class/account.class.php; line: 1076; <br />file: /app/source/entry/site.ctrl.php; line: 12; <br />file: /app/source/entry/site.ctrl.php; line: 12; <br />file: /app/index.php; line: 115; <br />

2018-10-24 15:12:07 SQL Error :
------------
String:
SQL: <br/>select commission from `ims_agent_odds` where agent_id in () and pid=:id<hr/>Params: <br/>array (
  ':id' => '1',
)<hr/>SQL Error: <br/>You have an error in your SQL syntax; check the manual that corresponds to your MySQL server version for the right syntax to use near ') and pid='1'' at line 1<hr/>Traces: <br/>file: /framework/class/db.class.php; line: 194; <br />file: /framework/function/pdo.func.php; line: 44; <br />file: /addons/purchasing/common.php; line: 4472; <br />file: /addons/purchasing/inc/mobile/get_odds.inc.php; line: 30; <br />file: /framework/class/account.class.php; line: 1076; <br />file: /app/source/entry/site.ctrl.php; line: 12; <br />file: /app/source/entry/site.ctrl.php; line: 12; <br />file: /app/index.php; line: 115; <br />

2018-10-24 15:12:09 SQL Error :
------------
String:
SQL: <br/>select commission from `ims_agent_odds` where agent_id in () and pid=:id<hr/>Params: <br/>array (
  ':id' => '2',
)<hr/>SQL Error: <br/>You have an error in your SQL syntax; check the manual that corresponds to your MySQL server version for the right syntax to use near ') and pid='2'' at line 1<hr/>Traces: <br/>file: /framework/class/db.class.php; line: 194; <br />file: /framework/function/pdo.func.php; line: 44; <br />file: /addons/purchasing/common.php; line: 4472; <br />file: /addons/purchasing/inc/mobile/get_odds.inc.php; line: 30; <br />file: /framework/class/account.class.php; line: 1076; <br />file: /app/source/entry/site.ctrl.php; line: 12; <br />file: /app/source/entry/site.ctrl.php; line: 12; <br />file: /app/index.php; line: 115; <br />

2018-10-24 15:12:12 SQL Error :
------------
String:
SQL: <br/>select commission from `ims_agent_odds` where agent_id in () and pid=:id<hr/>Params: <br/>array (
  ':id' => '2',
)<hr/>SQL Error: <br/>You have an error in your SQL syntax; check the manual that corresponds to your MySQL server version for the right syntax to use near ') and pid='2'' at line 1<hr/>Traces: <br/>file: /framework/class/db.class.php; line: 194; <br />file: /framework/function/pdo.func.php; line: 44; <br />file: /addons/purchasing/common.php; line: 4472; <br />file: /addons/purchasing/inc/mobile/get_odds.inc.php; line: 30; <br />file: /framework/class/account.class.php; line: 1076; <br />file: /app/source/entry/site.ctrl.php; line: 12; <br />file: /app/source/entry/site.ctrl.php; line: 12; <br />file: /app/index.php; line: 115; <br />

2018-10-24 15:12:49 SQL Error :
------------
String:
SQL: <br/>select commission from `ims_agent_odds` where agent_id in () and pid=:id<hr/>Params: <br/>array (
  ':id' => '2',
)<hr/>SQL Error: <br/>You have an error in your SQL syntax; check the manual that corresponds to your MySQL server version for the right syntax to use near ') and pid='2'' at line 1<hr/>Traces: <br/>file: /framework/class/db.class.php; line: 194; <br />file: /framework/function/pdo.func.php; line: 44; <br />file: /addons/purchasing/common.php; line: 4472; <br />file: /addons/purchasing/inc/mobile/get_odds.inc.php; line: 30; <br />file: /framework/class/account.class.php; line: 1076; <br />file: /app/source/entry/site.ctrl.php; line: 12; <br />file: /app/source/entry/site.ctrl.php; line: 12; <br />file: /app/index.php; line: 115; <br />

2018-10-24 15:12:50 SQL Error :
------------
String:
SQL: <br/>select commission from `ims_agent_odds` where agent_id in () and pid=:id<hr/>Params: <br/>array (
  ':id' => '1',
)<hr/>SQL Error: <br/>You have an error in your SQL syntax; check the manual that corresponds to your MySQL server version for the right syntax to use near ') and pid='1'' at line 1<hr/>Traces: <br/>file: /framework/class/db.class.php; line: 194; <br />file: /framework/function/pdo.func.php; line: 44; <br />file: /addons/purchasing/common.php; line: 4472; <br />file: /addons/purchasing/inc/mobile/get_odds.inc.php; line: 30; <br />file: /framework/class/account.class.php; line: 1076; <br />file: /app/source/entry/site.ctrl.php; line: 12; <br />file: /app/source/entry/site.ctrl.php; line: 12; <br />file: /app/index.php; line: 115; <br />

2018-10-24 15:12:52 SQL Error :
------------
String:
SQL: <br/>select commission from `ims_agent_odds` where agent_id in () and pid=:id<hr/>Params: <br/>array (
  ':id' => '2',
)<hr/>SQL Error: <br/>You have an error in your SQL syntax; check the manual that corresponds to your MySQL server version for the right syntax to use near ') and pid='2'' at line 1<hr/>Traces: <br/>file: /framework/class/db.class.php; line: 194; <br />file: /framework/function/pdo.func.php; line: 44; <br />file: /addons/purchasing/common.php; line: 4472; <br />file: /addons/purchasing/inc/mobile/get_odds.inc.php; line: 30; <br />file: /framework/class/account.class.php; line: 1076; <br />file: /app/source/entry/site.ctrl.php; line: 12; <br />file: /app/source/entry/site.ctrl.php; line: 12; <br />file: /app/index.php; line: 115; <br />

2018-10-24 15:12:53 SQL Error :
------------
String:
SQL: <br/>select commission from `ims_agent_odds` where agent_id in () and pid=:id<hr/>Params: <br/>array (
  ':id' => '2',
)<hr/>SQL Error: <br/>You have an error in your SQL syntax; check the manual that corresponds to your MySQL server version for the right syntax to use near ') and pid='2'' at line 1<hr/>Traces: <br/>file: /framework/class/db.class.php; line: 194; <br />file: /framework/function/pdo.func.php; line: 44; <br />file: /addons/purchasing/common.php; line: 4472; <br />file: /addons/purchasing/inc/mobile/get_odds.inc.php; line: 30; <br />file: /framework/class/account.class.php; line: 1076; <br />file: /app/source/entry/site.ctrl.php; line: 12; <br />file: /app/source/entry/site.ctrl.php; line: 12; <br />file: /app/index.php; line: 115; <br />

2018-10-24 15:12:56 SQL Error :
------------
String:
SQL: <br/>select commission from `ims_agent_odds` where agent_id in () and pid=:id<hr/>Params: <br/>array (
  ':id' => '1',
)<hr/>SQL Error: <br/>You have an error in your SQL syntax; check the manual that corresponds to your MySQL server version for the right syntax to use near ') and pid='1'' at line 1<hr/>Traces: <br/>file: /framework/class/db.class.php; line: 194; <br />file: /framework/function/pdo.func.php; line: 44; <br />file: /addons/purchasing/common.php; line: 4472; <br />file: /addons/purchasing/inc/mobile/get_odds.inc.php; line: 30; <br />file: /framework/class/account.class.php; line: 1076; <br />file: /app/source/entry/site.ctrl.php; line: 12; <br />file: /app/source/entry/site.ctrl.php; line: 12; <br />file: /app/index.php; line: 115; <br />

2018-10-24 15:13:02 SQL Error :
------------
String:
SQL: <br/>select commission from `ims_agent_odds` where agent_id in () and pid=:id<hr/>Params: <br/>array (
  ':id' => '2',
)<hr/>SQL Error: <br/>You have an error in your SQL syntax; check the manual that corresponds to your MySQL server version for the right syntax to use near ') and pid='2'' at line 1<hr/>Traces: <br/>file: /framework/class/db.class.php; line: 194; <br />file: /framework/function/pdo.func.php; line: 44; <br />file: /addons/purchasing/common.php; line: 4472; <br />file: /addons/purchasing/inc/mobile/get_odds.inc.php; line: 30; <br />file: /framework/class/account.class.php; line: 1076; <br />file: /app/source/entry/site.ctrl.php; line: 12; <br />file: /app/source/entry/site.ctrl.php; line: 12; <br />file: /app/index.php; line: 115; <br />

2018-10-24 15:13:03 SQL Error :
------------
String:
SQL: <br/>select commission from `ims_agent_odds` where agent_id in () and pid=:id<hr/>Params: <br/>array (
  ':id' => '1',
)<hr/>SQL Error: <br/>You have an error in your SQL syntax; check the manual that corresponds to your MySQL server version for the right syntax to use near ') and pid='1'' at line 1<hr/>Traces: <br/>file: /framework/class/db.class.php; line: 194; <br />file: /framework/function/pdo.func.php; line: 44; <br />file: /addons/purchasing/common.php; line: 4472; <br />file: /addons/purchasing/inc/mobile/get_odds.inc.php; line: 30; <br />file: /framework/class/account.class.php; line: 1076; <br />file: /app/source/entry/site.ctrl.php; line: 12; <br />file: /app/source/entry/site.ctrl.php; line: 12; <br />file: /app/index.php; line: 115; <br />

2018-10-24 15:13:04 SQL Error :
------------
String:
SQL: <br/>select commission from `ims_agent_odds` where agent_id in () and pid=:id<hr/>Params: <br/>array (
  ':id' => '2',
)<hr/>SQL Error: <br/>You have an error in your SQL syntax; check the manual that corresponds to your MySQL server version for the right syntax to use near ') and pid='2'' at line 1<hr/>Traces: <br/>file: /framework/class/db.class.php; line: 194; <br />file: /framework/function/pdo.func.php; line: 44; <br />file: /addons/purchasing/common.php; line: 4472; <br />file: /addons/purchasing/inc/mobile/get_odds.inc.php; line: 30; <br />file: /framework/class/account.class.php; line: 1076; <br />file: /app/source/entry/site.ctrl.php; line: 12; <br />file: /app/source/entry/site.ctrl.php; line: 12; <br />file: /app/index.php; line: 115; <br />

2018-10-24 15:16:04 SQL Error :
------------
String:
SQL: <br/>select commission from `ims_agent_odds` where agent_id in () and pid=:id<hr/>Params: <br/>array (
  ':id' => '2',
)<hr/>SQL Error: <br/>You have an error in your SQL syntax; check the manual that corresponds to your MySQL server version for the right syntax to use near ') and pid='2'' at line 1<hr/>Traces: <br/>file: /framework/class/db.class.php; line: 194; <br />file: /framework/function/pdo.func.php; line: 44; <br />file: /addons/purchasing/common.php; line: 4472; <br />file: /addons/purchasing/inc/mobile/get_odds.inc.php; line: 30; <br />file: /framework/class/account.class.php; line: 1076; <br />file: /app/source/entry/site.ctrl.php; line: 12; <br />file: /app/source/entry/site.ctrl.php; line: 12; <br />file: /app/index.php; line: 115; <br />

2018-10-24 15:19:10 SQL Error :
------------
String:
SQL: <br/>select commission from `ims_agent_odds` where agent_id in () and pid=:id<hr/>Params: <br/>array (
  ':id' => '2',
)<hr/>SQL Error: <br/>You have an error in your SQL syntax; check the manual that corresponds to your MySQL server version for the right syntax to use near ') and pid='2'' at line 1<hr/>Traces: <br/>file: /framework/class/db.class.php; line: 194; <br />file: /framework/function/pdo.func.php; line: 44; <br />file: /addons/purchasing/common.php; line: 4472; <br />file: /addons/purchasing/inc/mobile/get_odds.inc.php; line: 30; <br />file: /framework/class/account.class.php; line: 1076; <br />file: /app/source/entry/site.ctrl.php; line: 12; <br />file: /app/source/entry/site.ctrl.php; line: 12; <br />file: /app/index.php; line: 115; <br />

2018-10-24 15:19:11 SQL Error :
------------
String:
SQL: <br/>select commission from `ims_agent_odds` where agent_id in () and pid=:id<hr/>Params: <br/>array (
  ':id' => '1',
)<hr/>SQL Error: <br/>You have an error in your SQL syntax; check the manual that corresponds to your MySQL server version for the right syntax to use near ') and pid='1'' at line 1<hr/>Traces: <br/>file: /framework/class/db.class.php; line: 194; <br />file: /framework/function/pdo.func.php; line: 44; <br />file: /addons/purchasing/common.php; line: 4472; <br />file: /addons/purchasing/inc/mobile/get_odds.inc.php; line: 30; <br />file: /framework/class/account.class.php; line: 1076; <br />file: /app/source/entry/site.ctrl.php; line: 12; <br />file: /app/source/entry/site.ctrl.php; line: 12; <br />file: /app/index.php; line: 115; <br />

2018-10-24 15:19:13 SQL Error :
------------
String:
SQL: <br/>select commission from `ims_agent_odds` where agent_id in () and pid=:id<hr/>Params: <br/>array (
  ':id' => '2',
)<hr/>SQL Error: <br/>You have an error in your SQL syntax; check the manual that corresponds to your MySQL server version for the right syntax to use near ') and pid='2'' at line 1<hr/>Traces: <br/>file: /framework/class/db.class.php; line: 194; <br />file: /framework/function/pdo.func.php; line: 44; <br />file: /addons/purchasing/common.php; line: 4472; <br />file: /addons/purchasing/inc/mobile/get_odds.inc.php; line: 30; <br />file: /framework/class/account.class.php; line: 1076; <br />file: /app/source/entry/site.ctrl.php; line: 12; <br />file: /app/source/entry/site.ctrl.php; line: 12; <br />file: /app/index.php; line: 115; <br />

2018-10-24 15:37:06 SQL Error :
------------
String:
SQL: <br/>select commission from `ims_agent_odds` where agent_id in () and pid=:id<hr/>Params: <br/>array (
  ':id' => '2',
)<hr/>SQL Error: <br/>You have an error in your SQL syntax; check the manual that corresponds to your MySQL server version for the right syntax to use near ') and pid='2'' at line 1<hr/>Traces: <br/>file: /framework/class/db.class.php; line: 194; <br />file: /framework/function/pdo.func.php; line: 44; <br />file: /addons/purchasing/common.php; line: 4472; <br />file: /addons/purchasing/inc/mobile/get_odds.inc.php; line: 30; <br />file: /framework/class/account.class.php; line: 1076; <br />file: /app/source/entry/site.ctrl.php; line: 12; <br />file: /app/source/entry/site.ctrl.php; line: 12; <br />file: /app/index.php; line: 115; <br />

2018-10-24 15:37:08 SQL Error :
------------
String:
SQL: <br/>select commission from `ims_agent_odds` where agent_id in () and pid=:id<hr/>Params: <br/>array (
  ':id' => NULL,
)<hr/>SQL Error: <br/>You have an error in your SQL syntax; check the manual that corresponds to your MySQL server version for the right syntax to use near ') and pid=NULL' at line 1<hr/>Traces: <br/>file: /framework/class/db.class.php; line: 194; <br />file: /framework/function/pdo.func.php; line: 44; <br />file: /addons/purchasing/common.php; line: 4472; <br />file: /addons/purchasing/inc/mobile/get_odds.inc.php; line: 30; <br />file: /framework/class/account.class.php; line: 1076; <br />file: /app/source/entry/site.ctrl.php; line: 12; <br />file: /app/source/entry/site.ctrl.php; line: 12; <br />file: /app/index.php; line: 115; <br />

2018-10-24 15:37:09 SQL Error :
------------
String:
SQL: <br/>select commission from `ims_agent_odds` where agent_id in () and pid=:id<hr/>Params: <br/>array (
  ':id' => '2',
)<hr/>SQL Error: <br/>You have an error in your SQL syntax; check the manual that corresponds to your MySQL server version for the right syntax to use near ') and pid='2'' at line 1<hr/>Traces: <br/>file: /framework/class/db.class.php; line: 194; <br />file: /framework/function/pdo.func.php; line: 44; <br />file: /addons/purchasing/common.php; line: 4472; <br />file: /addons/purchasing/inc/mobile/get_odds.inc.php; line: 30; <br />file: /framework/class/account.class.php; line: 1076; <br />file: /app/source/entry/site.ctrl.php; line: 12; <br />file: /app/source/entry/site.ctrl.php; line: 12; <br />file: /app/index.php; line: 115; <br />

2018-10-24 15:37:11 SQL Error :
------------
String:
SQL: <br/>select commission from `ims_agent_odds` where agent_id in () and pid=:id<hr/>Params: <br/>array (
  ':id' => '2',
)<hr/>SQL Error: <br/>You have an error in your SQL syntax; check the manual that corresponds to your MySQL server version for the right syntax to use near ') and pid='2'' at line 1<hr/>Traces: <br/>file: /framework/class/db.class.php; line: 194; <br />file: /framework/function/pdo.func.php; line: 44; <br />file: /addons/purchasing/common.php; line: 4472; <br />file: /addons/purchasing/inc/mobile/get_odds.inc.php; line: 30; <br />file: /framework/class/account.class.php; line: 1076; <br />file: /app/source/entry/site.ctrl.php; line: 12; <br />file: /app/source/entry/site.ctrl.php; line: 12; <br />file: /app/index.php; line: 115; <br />

2018-10-24 15:37:12 SQL Error :
------------
String:
SQL: <br/>select commission from `ims_agent_odds` where agent_id in () and pid=:id<hr/>Params: <br/>array (
  ':id' => '2',
)<hr/>SQL Error: <br/>You have an error in your SQL syntax; check the manual that corresponds to your MySQL server version for the right syntax to use near ') and pid='2'' at line 1<hr/>Traces: <br/>file: /framework/class/db.class.php; line: 194; <br />file: /framework/function/pdo.func.php; line: 44; <br />file: /addons/purchasing/common.php; line: 4472; <br />file: /addons/purchasing/inc/mobile/get_odds.inc.php; line: 30; <br />file: /framework/class/account.class.php; line: 1076; <br />file: /app/source/entry/site.ctrl.php; line: 12; <br />file: /app/source/entry/site.ctrl.php; line: 12; <br />file: /app/index.php; line: 115; <br />

2018-10-24 15:37:15 SQL Error :
------------
String:
SQL: <br/>select commission from `ims_agent_odds` where agent_id in () and pid=:id<hr/>Params: <br/>array (
  ':id' => '2',
)<hr/>SQL Error: <br/>You have an error in your SQL syntax; check the manual that corresponds to your MySQL server version for the right syntax to use near ') and pid='2'' at line 1<hr/>Traces: <br/>file: /framework/class/db.class.php; line: 194; <br />file: /framework/function/pdo.func.php; line: 44; <br />file: /addons/purchasing/common.php; line: 4472; <br />file: /addons/purchasing/inc/mobile/get_odds.inc.php; line: 30; <br />file: /framework/class/account.class.php; line: 1076; <br />file: /app/source/entry/site.ctrl.php; line: 12; <br />file: /app/source/entry/site.ctrl.php; line: 12; <br />file: /app/index.php; line: 115; <br />

2018-10-24 15:37:43 SQL Error :
------------
String:
SQL: <br/>select commission from `ims_agent_odds` where agent_id in () and pid=:id<hr/>Params: <br/>array (
  ':id' => NULL,
)<hr/>SQL Error: <br/>You have an error in your SQL syntax; check the manual that corresponds to your MySQL server version for the right syntax to use near ') and pid=NULL' at line 1<hr/>Traces: <br/>file: /framework/class/db.class.php; line: 194; <br />file: /framework/function/pdo.func.php; line: 44; <br />file: /addons/purchasing/common.php; line: 4472; <br />file: /addons/purchasing/inc/mobile/get_odds.inc.php; line: 30; <br />file: /framework/class/account.class.php; line: 1076; <br />file: /app/source/entry/site.ctrl.php; line: 12; <br />file: /app/source/entry/site.ctrl.php; line: 12; <br />file: /app/index.php; line: 115; <br />

2018-10-24 15:37:44 SQL Error :
------------
String:
SQL: <br/>select commission from `ims_agent_odds` where agent_id in () and pid=:id<hr/>Params: <br/>array (
  ':id' => '2',
)<hr/>SQL Error: <br/>You have an error in your SQL syntax; check the manual that corresponds to your MySQL server version for the right syntax to use near ') and pid='2'' at line 1<hr/>Traces: <br/>file: /framework/class/db.class.php; line: 194; <br />file: /framework/function/pdo.func.php; line: 44; <br />file: /addons/purchasing/common.php; line: 4472; <br />file: /addons/purchasing/inc/mobile/get_odds.inc.php; line: 30; <br />file: /framework/class/account.class.php; line: 1076; <br />file: /app/source/entry/site.ctrl.php; line: 12; <br />file: /app/source/entry/site.ctrl.php; line: 12; <br />file: /app/index.php; line: 115; <br />

2018-10-24 15:37:48 SQL Error :
------------
String:
SQL: <br/>select commission from `ims_agent_odds` where agent_id in () and pid=:id<hr/>Params: <br/>array (
  ':id' => NULL,
)<hr/>SQL Error: <br/>You have an error in your SQL syntax; check the manual that corresponds to your MySQL server version for the right syntax to use near ') and pid=NULL' at line 1<hr/>Traces: <br/>file: /framework/class/db.class.php; line: 194; <br />file: /framework/function/pdo.func.php; line: 44; <br />file: /addons/purchasing/common.php; line: 4472; <br />file: /addons/purchasing/inc/mobile/get_odds.inc.php; line: 30; <br />file: /framework/class/account.class.php; line: 1076; <br />file: /app/source/entry/site.ctrl.php; line: 12; <br />file: /app/source/entry/site.ctrl.php; line: 12; <br />file: /app/index.php; line: 115; <br />

2018-10-24 15:37:49 SQL Error :
------------
String:
SQL: <br/>select commission from `ims_agent_odds` where agent_id in () and pid=:id<hr/>Params: <br/>array (
  ':id' => '2',
)<hr/>SQL Error: <br/>You have an error in your SQL syntax; check the manual that corresponds to your MySQL server version for the right syntax to use near ') and pid='2'' at line 1<hr/>Traces: <br/>file: /framework/class/db.class.php; line: 194; <br />file: /framework/function/pdo.func.php; line: 44; <br />file: /addons/purchasing/common.php; line: 4472; <br />file: /addons/purchasing/inc/mobile/get_odds.inc.php; line: 30; <br />file: /framework/class/account.class.php; line: 1076; <br />file: /app/source/entry/site.ctrl.php; line: 12; <br />file: /app/source/entry/site.ctrl.php; line: 12; <br />file: /app/index.php; line: 115; <br />

2018-10-24 23:00:29 SQL Error :
------------
String:
SQL: <br/>INSERT INTO `ims_agent_member` SET `nickname` =  :nickname_1 , `pay_limit` =  :pay_limit_2 , `bet_limit` =  :bet_limit_3 , `createtime` =  :createtime_4 , `password` =  :password_5 , `account` =  :account_6 , `level` =  :level_7 , `cid` =  :cid_8 , `parent_agent` =  :parent_agent_9<hr/>Params: <br/>array (
  ':nickname_1' => 'QQ',
  ':pay_limit_2' => '10000',
  ':bet_limit_3' => '0',
  ':createtime_4' => 1540393229,
  ':password_5' => '14e1b600b1fd579f47433b88e8d85291',
  ':account_6' => 'QQ',
  ':level_7' => 5,
  ':cid_8' => '2',
  ':parent_agent_9' => '7',
)<hr/>SQL Error: <br/>Unknown column 'bet_limit' in 'field list'<hr/>Traces: <br/>file: /framework/class/db.class.php; line: 115; <br />file: /framework/class/db.class.php; line: 285; <br />file: /framework/function/pdo.func.php; line: 71; <br />file: /addons/purchasing/inc/mobile/add_account.inc.php; line: 83; <br />file: /framework/class/account.class.php; line: 1076; <br />file: /app/source/entry/site.ctrl.php; line: 12; <br />file: /app/source/entry/site.ctrl.php; line: 12; <br />file: /app/index.php; line: 115; <br />

